<?xml version="1.0" encoding="UTF-8"?>
<!-- Generated by org.testng.reporters.JUnitReportReporter -->
<testsuite hostname="DESKTOP-HOF3APB" failures="0" tests="3" name="variousConcepts.CrmTest" time="29.091" errors="0" timestamp="2024-03-31T10:48:48 CDT" skipped="0">
  <testcase classname="variousConcepts.CrmTest" name="addCustomer" time="13.631"/>
  <system-out/>
  <testcase classname="variousConcepts.CrmTest" name="validateAlertMsgs" time="3.059"/>
  <system-out/>
  <testcase classname="variousConcepts.CrmTest" name="loginTest" time="12.401"/>
  <system-out/>
</testsuite> <!-- variousConcepts.CrmTest -->
